<?xml version="1.0" encoding="UTF-8"?>
<!-- Generated by org.testng.reporters.JUnitReportReporter -->
<testsuite hostname="Yekaterinas-MBP" failures="0" tests="1" name="com.afficiency.BookDemoTests" time="37.661" errors="0" timestamp="2024-09-13T00:20:15 EDT" skipped="0">
  <testcase classname="com.afficiency.BookDemoTests" name="loginTest" time="37.661"/>
</testsuite> <!-- com.afficiency.BookDemoTests -->
