<?xml version="1.0" encoding="UTF-8"?>
<!-- Generated by org.testng.reporters.JUnitReportReporter -->
<testsuite hostname="Yekaterinas-MBP" failures="0" tests="1" name="com.afficiency.PositiveTests" time="37.005" errors="0" timestamp="2024-09-12T02:03:15 EDT" skipped="0">
  <testcase classname="com.afficiency.PositiveTests" name="loginTest" time="37.005"/>
</testsuite> <!-- com.afficiency.PositiveTests -->
