<?xml version="1.0" encoding="UTF-8"?>
<!-- Generated by org.testng.reporters.JUnitReportReporter -->
<testsuite hostname="Yekaterinas-MBP" failures="0" tests="1" name="com.afficiency.TitleVerification$PageTitleTest" time="0.251" errors="0" timestamp="2024-09-12T23:00:35 EDT" skipped="0">
  <testcase classname="com.afficiency.TitleVerification$PageTitleTest" name="validateTitle" time="0.251"/>
</testsuite> <!-- com.afficiency.TitleVerification$PageTitleTest -->
