<?xml version="1.0" encoding="UTF-8"?>
<!-- Generated by org.testng.reporters.JUnitReportReporter -->
<testsuite hostname="Yekaterinas-MBP" failures="0" tests="1" name="com.afficiency.PositiveTests" time="12.604" errors="0" timestamp="2024-09-12T00:31:08 EDT" skipped="0">
  <testcase classname="com.afficiency.PositiveTests" name="loginTest" time="12.604"/>
</testsuite> <!-- com.afficiency.PositiveTests -->
