<?xml version="1.0" encoding="UTF-8"?>
<!-- Generated by org.testng.reporters.JUnitReportReporter -->
<testsuite hostname="Yekaterinas-MBP" failures="0" tests="1" name="com.lemonade.GenericTests" time="330.384" errors="0" timestamp="2024-09-18T14:22:59 EDT" skipped="0">
  <testcase classname="com.lemonade.GenericTests" name="genericTest" time="330.384"/>
</testsuite> <!-- com.lemonade.GenericTests -->
